# JRE version: OpenJDK Runtime Environment Temurin-19.0.2+7 (19.0.2+7) (build 19.0.2+7)
# Java VM: OpenJDK 64-Bit Server VM Temurin-19.0.2+7 (19.0.2+7, mixed mode, sharing, tiered, compressed oops, compressed class ptrs, g1 gc, windows-amd64)
GC Precious Log:
 CardTable entry size: 512
 Card Set container configuration: InlinePtr #cards 5 size 8 Array Of Cards #cards 12 size 40 Howl #buckets 4 coarsen threshold 1843 Howl Bitmap #cards 512 size 80 coarsen threshold 460 Card regions per heap region 1 cards per card region 2048
 CPUs: 4 total, 4 available
 Memory: 7888M
 Large Page Support: Disabled
 NUMA Support: Disabled
 Compressed Oops: Enabled (32-bit)
 Heap Region Size: 1M
 Heap Min Capacity: 8M
 Heap Initial Capacity: 124M
 Heap Max Capacity: 1G
 Pre-touch: Disabled
 Parallel Workers: 4
 Concurrent Workers: 1
 Concurrent Refinement Workers: 4
 Periodic GC: Disabled
 String Deduplication is enabled
Heap:
 garbage-first heap   total 142336K, used 100235K [0x00000000c0000000, 0x0000000100000000)
  region size 1024K, 64 young (65536K), 1 survivors (1024K)
 Metaspace       used 25359K, committed 26240K, reserved 1114112K
  class space    used 2568K, committed 2944K, reserved 1048576K
GC Heap History (20 events):
Event: 1.838 GC heap before
{Heap before GC invocations=0 (full 0):
 garbage-first heap   total 126976K, used 13312K [0x00000000c0000000, 0x0000000100000000)
  region size 1024K, 13 young (13312K), 0 survivors (0K)
 Metaspace       used 4091K, committed 4224K, reserved 1114112K
  class space    used 392K, committed 448K, reserved 1048576K
}
Event: 1.850 GC heap after
{Heap after GC invocations=1 (full 0):
 garbage-first heap   total 126976K, used 2647K [0x00000000c0000000, 0x0000000100000000)
  region size 1024K, 2 young (2048K), 2 survivors (2048K)
 Metaspace       used 4091K, committed 4224K, reserved 1114112K
  class space    used 392K, committed 448K, reserved 1048576K
}
Event: 3.685 GC heap before
{Heap before GC invocations=1 (full 0):
 garbage-first heap   total 126976K, used 18007K [0x00000000c0000000, 0x0000000100000000)
  region size 1024K, 17 young (17408K), 2 survivors (2048K)
 Metaspace       used 9758K, committed 10112K, reserved 1114112K
  class space    used 990K, committed 1152K, reserved 1048576K
}
Event: 3.693 GC heap after
{Heap after GC invocations=2 (full 0):
 garbage-first heap   total 126976K, used 4810K [0x00000000c0000000, 0x0000000100000000)
  region size 1024K, 3 young (3072K), 3 survivors (3072K)
 Metaspace       used 9758K, committed 10112K, reserved 1114112K
  class space    used 990K, committed 1152K, reserved 1048576K
}
Event: 7.529 GC heap before
{Heap before GC invocations=2 (full 0):
 garbage-first heap   total 126976K, used 112330K [0x00000000c0000000, 0x0000000100000000)
  region size 1024K, 60 young (61440K), 3 survivors (3072K)
 Metaspace       used 15570K, committed 16192K, reserved 1114112K
  class space    used 1550K, committed 1792K, reserved 1048576K
}
Event: 7.565 GC heap after
{Heap after GC invocations=3 (full 0):
 garbage-first heap   total 142336K, used 48719K [0x00000000c0000000, 0x0000000100000000)
  region size 1024K, 9 young (9216K), 9 survivors (9216K)
 Metaspace       used 15570K, committed 16192K, reserved 1114112K
  class space    used 1550K, committed 1792K, reserved 1048576K
}
Event: 9.627 GC heap before
{Heap before GC invocations=3 (full 0):
 garbage-first heap   total 142336K, used 88655K [0x00000000c0000000, 0x0000000100000000)
  region size 1024K, 44 young (45056K), 9 survivors (9216K)
 Metaspace       used 19298K, committed 20096K, reserved 1114112K
  class space    used 2018K, committed 2368K, reserved 1048576K
}
Event: 9.646 GC heap after
{Heap after GC invocations=4 (full 0):
 garbage-first heap   total 142336K, used 34304K [0x00000000c0000000, 0x0000000100000000)
  region size 1024K, 4 young (4096K), 4 survivors (4096K)
 Metaspace       used 19298K, committed 20096K, reserved 1114112K
  class space    used 2018K, committed 2368K, reserved 1048576K
}
Event: 11.649 GC heap before
{Heap before GC invocations=4 (full 0):
 garbage-first heap   total 142336K, used 76288K [0x00000000c0000000, 0x0000000100000000)
  region size 1024K, 46 young (47104K), 4 survivors (4096K)
 Metaspace       used 19531K, committed 20288K, reserved 1114112K
  class space    used 2037K, committed 2368K, reserved 1048576K
}
Event: 11.659 GC heap after
{Heap after GC invocations=5 (full 0):
 garbage-first heap   total 142336K, used 35840K [0x00000000c0000000, 0x0000000100000000)
  region size 1024K, 2 young (2048K), 2 survivors (2048K)
 Metaspace       used 19531K, committed 20288K, reserved 1114112K
  class space    used 2037K, committed 2368K, reserved 1048576K
}
Event: 17.543 GC heap before
{Heap before GC invocations=5 (full 0):
 garbage-first heap   total 142336K, used 87040K [0x00000000c0000000, 0x0000000100000000)
  region size 1024K, 52 young (53248K), 2 survivors (2048K)
 Metaspace       used 19899K, committed 20672K, reserved 1114112K
  class space    used 2068K, committed 2432K, reserved 1048576K
}
Event: 17.552 GC heap after
{Heap after GC invocations=6 (full 0):
 garbage-first heap   total 142336K, used 37340K [0x00000000c0000000, 0x0000000100000000)
  region size 1024K, 4 young (4096K), 4 survivors (4096K)
 Metaspace       used 19899K, committed 20672K, reserved 1114112K
  class space    used 2068K, committed 2432K, reserved 1048576K
}
Event: 23.404 GC heap before
{Heap before GC invocations=6 (full 0):
 garbage-first heap   total 142336K, used 91612K [0x00000000c0000000, 0x0000000100000000)
  region size 1024K, 58 young (59392K), 4 survivors (4096K)
 Metaspace       used 19905K, committed 20672K, reserved 1114112K
  class space    used 2068K, committed 2432K, reserved 1048576K
}
Event: 23.417 GC heap after
{Heap after GC invocations=7 (full 0):
 garbage-first heap   total 142336K, used 42044K [0x00000000c0000000, 0x0000000100000000)
  region size 1024K, 8 young (8192K), 8 survivors (8192K)
 Metaspace       used 19905K, committed 20672K, reserved 1114112K
  class space    used 2068K, committed 2432K, reserved 1048576K
}
Event: 26.773 GC heap before
{Heap before GC invocations=7 (full 0):
 garbage-first heap   total 142336K, used 95292K [0x00000000c0000000, 0x0000000100000000)
  region size 1024K, 60 young (61440K), 8 survivors (8192K)
 Metaspace       used 19905K, committed 20672K, reserved 1114112K
  class space    used 2068K, committed 2432K, reserved 1048576K
}
Event: 26.787 GC heap after
{Heap after GC invocations=8 (full 0):
 garbage-first heap   total 142336K, used 44275K [0x00000000c0000000, 0x0000000100000000)
  region size 1024K, 8 young (8192K), 8 survivors (8192K)
 Metaspace       used 19905K, committed 20672K, reserved 1114112K
  class space    used 2068K, committed 2432K, reserved 1048576K
}
Event: 29.185 GC heap before
{Heap before GC invocations=8 (full 0):
 garbage-first heap   total 142336K, used 97523K [0x00000000c0000000, 0x0000000100000000)
  region size 1024K, 60 young (61440K), 8 survivors (8192K)
 Metaspace       used 19905K, committed 20672K, reserved 1114112K
  class space    used 2068K, committed 2432K, reserved 1048576K
}
Event: 29.193 GC heap after
{Heap after GC invocations=9 (full 0):
 garbage-first heap   total 142336K, used 40197K [0x00000000c0000000, 0x0000000100000000)
  region size 1024K, 4 young (4096K), 4 survivors (4096K)
 Metaspace       used 19905K, committed 20672K, reserved 1114112K
  class space    used 2068K, committed 2432K, reserved 1048576K
}
Event: 30.136 GC heap before
{Heap before GC invocations=9 (full 0):
 garbage-first heap   total 142336K, used 64773K [0x00000000c0000000, 0x0000000100000000)
  region size 1024K, 29 young (29696K), 4 survivors (4096K)
 Metaspace       used 20818K, committed 21504K, reserved 1114112K
  class space    used 2192K, committed 2496K, reserved 1048576K
}
Event: 30.140 GC heap after
{Heap after GC invocations=10 (full 0):
 garbage-first heap   total 142336K, used 37771K [0x00000000c0000000, 0x0000000100000000)
  region size 1024K, 1 young (1024K), 1 survivors (1024K)
 Metaspace       used 20818K, committed 21504K, reserved 1114112K
  class space    used 2192K, committed 2496K, reserved 1048576K
}

