# JRE version: OpenJDK Runtime Environment Temurin-19.0.2+7 (19.0.2+7) (build 19.0.2+7)
# Java VM: OpenJDK 64-Bit Server VM Temurin-19.0.2+7 (19.0.2+7, mixed mode, sharing, tiered, compressed oops, compressed class ptrs, g1 gc, windows-amd64)
GC Precious Log:
 CardTable entry size: 512
 Card Set container configuration: InlinePtr #cards 5 size 8 Array Of Cards #cards 12 size 40 Howl #buckets 4 coarsen threshold 1843 Howl Bitmap #cards 512 size 80 coarsen threshold 460 Card regions per heap region 1 cards per card region 2048
 CPUs: 4 total, 4 available
 Memory: 7888M
 Large Page Support: Disabled
 NUMA Support: Disabled
 Compressed Oops: Enabled (32-bit)
 Heap Region Size: 1M
 Heap Min Capacity: 8M
 Heap Initial Capacity: 124M
 Heap Max Capacity: 1G
 Pre-touch: Disabled
 Parallel Workers: 4
 Concurrent Workers: 1
 Concurrent Refinement Workers: 4
 Periodic GC: Disabled
 String Deduplication is enabled
Heap:
 garbage-first heap   total 132096K, used 56677K [0x00000000c0000000, 0x0000000100000000)
  region size 1024K, 8 young (8192K), 8 survivors (8192K)
 Metaspace       used 27862K, committed 28800K, reserved 1114112K
  class space    used 2711K, committed 3136K, reserved 1048576K
GC Heap History (20 events):
Event: 183.376 GC heap after
{Heap after GC invocations=29 (full 0):
 garbage-first heap   total 126976K, used 58062K [0x00000000c0000000, 0x0000000100000000)
  region size 1024K, 3 young (3072K), 3 survivors (3072K)
 Metaspace       used 27337K, committed 28288K, reserved 1114112K
  class space    used 2705K, committed 3136K, reserved 1048576K
}
Event: 183.386 GC heap before
{Heap before GC invocations=29 (full 0):
 garbage-first heap   total 126976K, used 72398K [0x00000000c0000000, 0x0000000100000000)
  region size 1024K, 4 young (4096K), 3 survivors (3072K)
 Metaspace       used 27337K, committed 28288K, reserved 1114112K
  class space    used 2705K, committed 3136K, reserved 1048576K
}
Event: 183.392 GC heap after
{Heap after GC invocations=30 (full 0):
 garbage-first heap   total 126976K, used 64995K [0x00000000c0000000, 0x0000000100000000)
  region size 1024K, 3 young (3072K), 3 survivors (3072K)
 Metaspace       used 27337K, committed 28288K, reserved 1114112K
  class space    used 2705K, committed 3136K, reserved 1048576K
}
Event: 187.407 GC heap before
{Heap before GC invocations=31 (full 0):
 garbage-first heap   total 132096K, used 112099K [0x00000000c0000000, 0x0000000100000000)
  region size 1024K, 41 young (41984K), 3 survivors (3072K)
 Metaspace       used 27444K, committed 28352K, reserved 1114112K
  class space    used 2705K, committed 3136K, reserved 1048576K
}
Event: 187.416 GC heap after
{Heap after GC invocations=32 (full 0):
 garbage-first heap   total 132096K, used 52092K [0x00000000c0000000, 0x0000000100000000)
  region size 1024K, 5 young (5120K), 5 survivors (5120K)
 Metaspace       used 27444K, committed 28352K, reserved 1114112K
  class space    used 2705K, committed 3136K, reserved 1048576K
}
Event: 187.590 GC heap before
{Heap before GC invocations=32 (full 0):
 garbage-first heap   total 132096K, used 53116K [0x00000000c0000000, 0x0000000100000000)
  region size 1024K, 6 young (6144K), 5 survivors (5120K)
 Metaspace       used 27444K, committed 28352K, reserved 1114112K
  class space    used 2705K, committed 3136K, reserved 1048576K
}
Event: 187.601 GC heap after
{Heap after GC invocations=33 (full 0):
 garbage-first heap   total 132096K, used 50108K [0x00000000c0000000, 0x0000000100000000)
  region size 1024K, 1 young (1024K), 1 survivors (1024K)
 Metaspace       used 27444K, committed 28352K, reserved 1114112K
  class space    used 2705K, committed 3136K, reserved 1048576K
}
Event: 190.932 GC heap before
{Heap before GC invocations=33 (full 0):
 garbage-first heap   total 132096K, used 103356K [0x00000000c0000000, 0x0000000100000000)
  region size 1024K, 54 young (55296K), 1 survivors (1024K)
 Metaspace       used 27589K, committed 28544K, reserved 1114112K
  class space    used 2707K, committed 3136K, reserved 1048576K
}
Event: 190.939 GC heap after
{Heap after GC invocations=34 (full 0):
 garbage-first heap   total 132096K, used 52801K [0x00000000c0000000, 0x0000000100000000)
  region size 1024K, 4 young (4096K), 4 survivors (4096K)
 Metaspace       used 27589K, committed 28544K, reserved 1114112K
  class space    used 2707K, committed 3136K, reserved 1048576K
}
Event: 194.634 GC heap before
{Heap before GC invocations=34 (full 0):
 garbage-first heap   total 132096K, used 95809K [0x00000000c0000000, 0x0000000100000000)
  region size 1024K, 44 young (45056K), 4 survivors (4096K)
 Metaspace       used 27687K, committed 28608K, reserved 1114112K
  class space    used 2708K, committed 3136K, reserved 1048576K
}
Event: 194.644 GC heap after
{Heap after GC invocations=35 (full 0):
 garbage-first heap   total 132096K, used 55824K [0x00000000c0000000, 0x0000000100000000)
  region size 1024K, 3 young (3072K), 3 survivors (3072K)
 Metaspace       used 27687K, committed 28608K, reserved 1114112K
  class space    used 2708K, committed 3136K, reserved 1048576K
}
Event: 194.655 GC heap before
{Heap before GC invocations=35 (full 0):
 garbage-first heap   total 132096K, used 62992K [0x00000000c0000000, 0x0000000100000000)
  region size 1024K, 4 young (4096K), 3 survivors (3072K)
 Metaspace       used 27691K, committed 28608K, reserved 1114112K
  class space    used 2708K, committed 3136K, reserved 1048576K
}
Event: 194.662 GC heap after
{Heap after GC invocations=36 (full 0):
 garbage-first heap   total 132096K, used 58956K [0x00000000c0000000, 0x0000000100000000)
  region size 1024K, 3 young (3072K), 3 survivors (3072K)
 Metaspace       used 27691K, committed 28608K, reserved 1114112K
  class space    used 2708K, committed 3136K, reserved 1048576K
}
Event: 194.675 GC heap before
{Heap before GC invocations=36 (full 0):
 garbage-first heap   total 132096K, used 73292K [0x00000000c0000000, 0x0000000100000000)
  region size 1024K, 4 young (4096K), 3 survivors (3072K)
 Metaspace       used 27694K, committed 28608K, reserved 1114112K
  class space    used 2708K, committed 3136K, reserved 1048576K
}
Event: 194.682 GC heap after
{Heap after GC invocations=37 (full 0):
 garbage-first heap   total 132096K, used 65971K [0x00000000c0000000, 0x0000000100000000)
  region size 1024K, 3 young (3072K), 3 survivors (3072K)
 Metaspace       used 27694K, committed 28608K, reserved 1114112K
  class space    used 2708K, committed 3136K, reserved 1048576K
}
Event: 199.071 GC heap before
{Heap before GC invocations=38 (full 0):
 garbage-first heap   total 132096K, used 119219K [0x00000000c0000000, 0x0000000100000000)
  region size 1024K, 46 young (47104K), 3 survivors (3072K)
 Metaspace       used 27839K, committed 28800K, reserved 1114112K
  class space    used 2709K, committed 3136K, reserved 1048576K
}
Event: 199.073 GC heap after
{Heap after GC invocations=39 (full 0):
 garbage-first heap   total 132096K, used 50223K [0x00000000c0000000, 0x0000000100000000)
  region size 1024K, 1 young (1024K), 1 survivors (1024K)
 Metaspace       used 27839K, committed 28800K, reserved 1114112K
  class space    used 2709K, committed 3136K, reserved 1048576K
}
Event: 199.309 GC heap before
{Heap before GC invocations=39 (full 0):
 garbage-first heap   total 132096K, used 55343K [0x00000000c0000000, 0x0000000100000000)
  region size 1024K, 6 young (6144K), 1 survivors (1024K)
 Metaspace       used 27857K, committed 28800K, reserved 1114112K
  class space    used 2711K, committed 3136K, reserved 1048576K
}
Event: 199.314 GC heap after
{Heap after GC invocations=40 (full 0):
 garbage-first heap   total 132096K, used 47773K [0x00000000c0000000, 0x0000000100000000)
  region size 1024K, 1 young (1024K), 1 survivors (1024K)
 Metaspace       used 27857K, committed 28800K, reserved 1114112K
  class space    used 2711K, committed 3136K, reserved 1048576K
}
Event: 199.812 GC heap before
{Heap before GC invocations=40 (full 0):
 garbage-first heap   total 132096K, used 61085K [0x00000000c0000000, 0x0000000100000000)
  region size 1024K, 16 young (16384K), 1 survivors (1024K)
 Metaspace       used 27862K, committed 28800K, reserved 1114112K
  class space    used 2711K, committed 3136K, reserved 1048576K
}

